<?xml version="1.0" encoding="UTF-8"?>
<!-- Generated by org.testng.reporters.JUnitReportReporter -->
<testsuite hostname="Laptop-32" failures="0" tests="4" name="api.test.UserTests" time="10.354" errors="0" timestamp="2024-07-02T13:10:52 IST" skipped="0">
  <testcase classname="api.test.UserTests" name="testPostUser" time="3.625"/>
  <testcase classname="api.test.UserTests" name="testGetUserByName" time="1.953"/>
  <testcase classname="api.test.UserTests" name="testUpdateUserByName" time="3.076"/>
  <testcase classname="api.test.UserTests" name="testdeleteUserByName" time="1.700"/>
</testsuite> <!-- api.test.UserTests -->
