<?xml version="1.0" encoding="UTF-8"?>
<!-- Generated by org.testng.reporters.JUnitReportReporter -->
<testsuite hostname="Laptop-32" failures="0" tests="4" name="api.test.UserTests" time="9.833" errors="0" timestamp="2024-07-02T14:07:14 IST" skipped="0">
  <testcase classname="api.test.UserTests" name="testPostUser" time="3.554"/>
  <testcase classname="api.test.UserTests" name="testGetUserByName" time="1.612"/>
  <testcase classname="api.test.UserTests" name="testUpdateUserByName" time="2.976"/>
  <testcase classname="api.test.UserTests" name="testdeleteUserByName" time="1.691"/>
</testsuite> <!-- api.test.UserTests -->
